Arguments: 
  /Users/phamthanhthien/.nvm/versions/node/v18.16.0/bin/node /Users/phamthanhthien/.nvm/versions/node/v18.16.0/bin/yarn add -D lint-stage

PATH: 
  /Users/phamthanhthien/.nvm/versions/node/v18.16.0/bin:/opt/homebrew/bin:/usr/local/bin:/usr/bin:/bin:/usr/sbin:/sbin:/Users/phamthanhthien/.nvm/versions/node/v18.16.0/bin:/opt/homebrew/bin

Yarn version: 
  1.22.19

Node version: 
  18.16.0

Platform: 
  darwin arm64

Trace: 
  Error: https://registry.yarnpkg.com/lint-stage: Not found
      at params.callback [as _callback] (/Users/phamthanhthien/.nvm/versions/node/v18.16.0/lib/node_modules/yarn/lib/cli.js:66145:18)
      at self.callback (/Users/phamthanhthien/.nvm/versions/node/v18.16.0/lib/node_modules/yarn/lib/cli.js:140890:22)
      at Request.emit (node:events:513:28)
      at Request.<anonymous> (/Users/phamthanhthien/.nvm/versions/node/v18.16.0/lib/node_modules/yarn/lib/cli.js:141862:10)
      at Request.emit (node:events:513:28)
      at IncomingMessage.<anonymous> (/Users/phamthanhthien/.nvm/versions/node/v18.16.0/lib/node_modules/yarn/lib/cli.js:141784:12)
      at Object.onceWrapper (node:events:627:28)
      at IncomingMessage.emit (node:events:525:35)
      at endReadableNT (node:internal/streams/readable:1359:12)
      at process.processTicksAndRejections (node:internal/process/task_queues:82:21)

npm manifest: 
  {
    "devDependencies": {
      "husky": "^8.0.0"
    },
    "scripts": {
      "prepare": "husky install"
    },
    "dependencies": {}
  }

yarn manifest: 
  No manifest

Lockfile: 
  # THIS IS AN AUTOGENERATED FILE. DO NOT EDIT THIS FILE DIRECTLY.
  # yarn lockfile v1
  
  
  husky@^8.0.0:
    version "8.0.3"
    resolved "https://registry.yarnpkg.com/husky/-/husky-8.0.3.tgz#4936d7212e46d1dea28fef29bb3a108872cd9184"
    integrity sha512-+dQSyqPh4x1hlO1swXBiNb2HzTDN1I2IGLQx1GrBuiqFJfoMrnZWwVmatvSiO+Iz8fBUnf+lekwNo4c2LlXItg==
